Heap:
 PSYoungGen      total 71680K, used 1194K [0x00000000f5580000, 0x00000000fab00000, 0x0000000100000000)
  eden space 58880K, 2% used [0x00000000f5580000,0x00000000f56aaa10,0x00000000f8f00000)
  from space 12800K, 0% used [0x00000000f9000000,0x00000000f9000000,0x00000000f9c80000)
  to   space 14336K, 0% used [0x00000000f9d00000,0x00000000f9d00000,0x00000000fab00000)
 ParOldGen       total 175104K, used 21246K [0x00000000e0000000, 0x00000000eab00000, 0x00000000f5580000)
  object space 175104K, 12% used [0x00000000e0000000,0x00000000e14bfa30,0x00000000eab00000)
 Metaspace       used 47790K, capacity 48966K, committed 49280K, reserved 1095680K
  class space    used 6578K, capacity 6923K, committed 7040K, reserved 1048576K
GC Heap History (10 events):
Event: 452.986 GC heap before
{Heap before GC invocations=12 (full 3):
 PSYoungGen      total 71680K, used 12785K [0x00000000f5580000, 0x00000000fab00000, 0x0000000100000000)
  eden space 58880K, 0% used [0x00000000f5580000,0x00000000f5580000,0x00000000f8f00000)
  from space 12800K, 99% used [0x00000000f9000000,0x00000000f9c7c4e8,0x00000000f9c80000)
  to   space 14336K, 0% used [0x00000000f9d00000,0x00000000f9d00000,0x00000000fab00000)
 ParOldGen       total 175104K, used 18345K [0x00000000e0000000, 0x00000000eab00000, 0x00000000f5580000)
  object space 175104K, 10% used [0x00000000e0000000,0x00000000e11ea4f0,0x00000000eab00000)
 Metaspace       used 47944K, capacity 49244K, committed 49280K, reserved 1095680K
  class space    used 6630K, capacity 7007K, committed 7040K, reserved 1048576K
Event: 453.642 GC heap after
Heap after GC invocations=12 (full 3):
 PSYoungGen      total 71680K, used 0K [0x00000000f5580000, 0x00000000fab00000, 0x0000000100000000)
  eden space 58880K, 0% used [0x00000000f5580000,0x00000000f5580000,0x00000000f8f00000)
  from space 12800K, 0% used [0x00000000f9000000,0x00000000f9000000,0x00000000f9c80000)
  to   space 14336K, 0% used [0x00000000f9d00000,0x00000000f9d00000,0x00000000fab00000)
 ParOldGen       total 175104K, used 27527K [0x00000000e0000000, 0x00000000eab00000, 0x00000000f5580000)
  object space 175104K, 15% used [0x00000000e0000000,0x00000000e1ae1fd0,0x00000000eab00000)
 Metaspace       used 47944K, capacity 49244K, committed 49280K, reserved 1093632K
  class space    used 6630K, capacity 7007K, committed 7040K, reserved 1048576K
}
Event: 453.643 GC heap before
{Heap before GC invocations=13 (full 3):
 PSYoungGen      total 71680K, used 31K [0x00000000f5580000, 0x00000000fab00000, 0x0000000100000000)
  eden space 58880K, 0% used [0x00000000f5580000,0x00000000f5587e40,0x00000000f8f00000)
  from space 12800K, 0% used [0x00000000f9000000,0x00000000f9000000,0x00000000f9c80000)
  to   space 14336K, 0% used [0x00000000f9d00000,0x00000000f9d00000,0x00000000fab00000)
 ParOldGen       total 175104K, used 27527K [0x00000000e0000000, 0x00000000eab00000, 0x00000000f5580000)
  object space 175104K, 15% used [0x00000000e0000000,0x00000000e1ae1fd0,0x00000000eab00000)
 Metaspace       used 47944K, capacity 49244K, committed 49280K, reserved 1097728K
  class space    used 6630K, capacity 7007K, committed 7040K, reserved 1048576K
Event: 453.644 GC heap after
Heap after GC invocations=13 (full 3):
 PSYoungGen      total 73216K, used 64K [0x00000000f5580000, 0x00000000fab00000, 0x0000000100000000)
  eden space 58880K, 0% used [0x00000000f5580000,0x00000000f5580000,0x00000000f8f00000)
  from space 14336K, 0% used [0x00000000f9d00000,0x00000000f9d10000,0x00000000fab00000)
  to   space 12800K, 0% used [0x00000000f9000000,0x00000000f9000000,0x00000000f9c80000)
 ParOldGen       total 175104K, used 27527K [0x00000000e0000000, 0x00000000eab00000, 0x00000000f5580000)
  object space 175104K, 15% used [0x00000000e0000000,0x00000000e1ae1fd0,0x00000000eab00000)
 Metaspace       used 47944K, capacity 49244K, committed 49280K, reserved 1097728K
  class space    used 6630K, capacity 7007K, committed 7040K, reserved 1048576K
}
Event: 453.644 GC heap before
{Heap before GC invocations=14 (full 4):
 PSYoungGen      total 73216K, used 64K [0x00000000f5580000, 0x00000000fab00000, 0x0000000100000000)
  eden space 58880K, 0% used [0x00000000f5580000,0x00000000f5580000,0x00000000f8f00000)
  from space 14336K, 0% used [0x00000000f9d00000,0x00000000f9d10000,0x00000000fab00000)
  to   space 12800K, 0% used [0x00000000f9000000,0x00000000f9000000,0x00000000f9c80000)
 ParOldGen       total 175104K, used 27527K [0x00000000e0000000, 0x00000000eab00000, 0x00000000f5580000)
  object space 175104K, 15% used [0x00000000e0000000,0x00000000e1ae1fd0,0x00000000eab00000)
 Metaspace       used 47944K, capacity 49244K, committed 49280K, reserved 1097728K
  class space    used 6630K, capacity 7007K, committed 7040K, reserved 1048576K
Event: 453.722 GC heap after
Heap after GC invocations=14 (full 4):
 PSYoungGen      total 73216K, used 0K [0x00000000f5580000, 0x00000000fab00000, 0x0000000100000000)
  eden space 58880K, 0% used [0x00000000f5580000,0x00000000f5580000,0x00000000f8f00000)
  from space 14336K, 0% used [0x00000000f9d00000,0x00000000f9d00000,0x00000000fab00000)
  to   space 12800K, 0% used [0x00000000f9000000,0x00000000f9000000,0x00000000f9c80000)
 ParOldGen       total 175104K, used 27446K [0x00000000e0000000, 0x00000000eab00000, 0x00000000f5580000)
  object space 175104K, 15% used [0x00000000e0000000,0x00000000e1acd8e8,0x00000000eab00000)
 Metaspace       used 47944K, capacity 49244K, committed 49280K, reserved 1093632K
  class space    used 6630K, capacity 7007K, committed 7040K, reserved 1048576K
}
Event: 453.722 GC heap before
{Heap before GC invocations=15 (full 4):
 PSYoungGen      total 73216K, used 0K [0x00000000f5580000, 0x00000000fab00000, 0x0000000100000000)
  eden space 58880K, 0% used [0x00000000f5580000,0x00000000f5580000,0x00000000f8f00000)
  from space 14336K, 0% used [0x00000000f9d00000,0x00000000f9d00000,0x00000000fab00000)
  to   space 12800K, 0% used [0x00000000f9000000,0x00000000f9000000,0x00000000f9c80000)
 ParOldGen       total 175104K, used 27446K [0x00000000e0000000, 0x00000000eab00000, 0x00000000f5580000)
  object space 175104K, 15% used [0x00000000e0000000,0x00000000e1acd8e8,0x00000000eab00000)
 Metaspace       used 47944K, capacity 49244K, committed 49280K, reserved 1097728K
  class space    used 6630K, capacity 7007K, committed 7040K, reserved 1048576K
Event: 453.724 GC heap after
Heap after GC invocations=15 (full 4):
 PSYoungGen      total 71680K, used 0K [0x00000000f5580000, 0x00000000fab00000, 0x0000000100000000)
  eden space 58880K, 0% used [0x00000000f5580000,0x00000000f5580000,0x00000000f8f00000)
  from space 12800K, 0% used [0x00000000f9000000,0x00000000f9000000,0x00000000f9c80000)
  to   space 14336K, 0% used [0x00000000f9d00000,0x00000000f9d00000,0x00000000fab00000)
 ParOldGen       total 175104K, used 27446K [0x00000000e0000000, 0x00000000eab00000, 0x00000000f5580000)
  object space 175104K, 15% used [0x00000000e0000000,0x00000000e1acd8e8,0x00000000eab00000)
 Metaspace       used 47944K, capacity 49244K, committed 49280K, reserved 1097728K
  class space    used 6630K, capacity 7007K, committed 7040K, reserved 1048576K
}
Event: 453.724 GC heap before
{Heap before GC invocations=16 (full 5):
 PSYoungGen      total 71680K, used 0K [0x00000000f5580000, 0x00000000fab00000, 0x0000000100000000)
  eden space 58880K, 0% used [0x00000000f5580000,0x00000000f5580000,0x00000000f8f00000)
  from space 12800K, 0% used [0x00000000f9000000,0x00000000f9000000,0x00000000f9c80000)
  to   space 14336K, 0% used [0x00000000f9d00000,0x00000000f9d00000,0x00000000fab00000)
 ParOldGen       total 175104K, used 27446K [0x00000000e0000000, 0x00000000eab00000, 0x00000000f5580000)
  object space 175104K, 15% used [0x00000000e0000000,0x00000000e1acd8e8,0x00000000eab00000)
 Metaspace       used 47944K, capacity 49244K, committed 49280K, reserved 1097728K
  class space    used 6630K, capacity 7007K, committed 7040K, reserved 1048576K
Event: 454.344 GC heap after
Heap after GC invocations=16 (full 5):
 PSYoungGen      total 71680K, used 0K [0x00000000f5580000, 0x00000000fab00000, 0x0000000100000000)
  eden space 58880K, 0% used [0x00000000f5580000,0x00000000f5580000,0x00000000f8f00000)
  from space 12800K, 0% used [0x00000000f9000000,0x00000000f9000000,0x00000000f9c80000)
  to   space 14336K, 0% used [0x00000000f9d00000,0x00000000f9d00000,0x00000000fab00000)
 ParOldGen       total 175104K, used 21246K [0x00000000e0000000, 0x00000000eab00000, 0x00000000f5580000)
  object space 175104K, 12% used [0x00000000e0000000,0x00000000e14bfa30,0x00000000eab00000)
 Metaspace       used 47790K, capacity 48966K, committed 49280K, reserved 1093632K
  class space    used 6578K, capacity 6923K, committed 7040K, reserved 1048576K
}

